[2018-12-26 06:25:27] Api.sendMail.INFO: id:::::1181225032120 [] []
[2018-12-26 06:25:27] Api.sendMail.INFO: toMail:::::ohyevr@163.com [] []
[2018-12-26 06:25:27] Api.sendMail.INFO: api:::::/srilanka/purchase [] []
[2018-12-26 06:25:27] Api.sendMail.INFO: area:::::srilanka [] []
[2018-12-26 06:25:27] Api.sendMail.INFO: toName:::::yefanli [] []
[2018-12-26 06:25:27] Api.sendMail.INFO: content [] []
[2018-12-26 06:25:27] Api.sendMail.INFO: msgTime:::::1545805527 [] []
[2018-12-26 06:25:27] Api.sendMail.INFO: 准备写入缓存1181226322943 [] []
[2018-12-26 06:25:28] Api.sendMail.INFO: id:::::1181225032120 [] []
[2018-12-26 06:25:28] Api.sendMail.INFO: toMail:::::ohyevr@163.com [] []
[2018-12-26 06:25:28] Api.sendMail.INFO: api:::::/srilanka/purchase [] []
[2018-12-26 06:25:28] Api.sendMail.INFO: area:::::srilanka [] []
[2018-12-26 06:25:28] Api.sendMail.INFO: toName:::::yefanli [] []
[2018-12-26 06:25:28] Api.sendMail.INFO: content [] []
[2018-12-26 06:25:28] Api.sendMail.INFO: msgTime:::::1545805528 [] []
[2018-12-26 06:25:28] Api.sendMail.INFO: 准备写入缓存1181226938343 [] []
[2018-12-26 06:25:29] Api.sendMail.INFO: id:::::1181225032120 [] []
[2018-12-26 06:25:29] Api.sendMail.INFO: toMail:::::ohyevr@163.com [] []
[2018-12-26 06:25:29] Api.sendMail.INFO: api:::::/srilanka/purchase [] []
[2018-12-26 06:25:29] Api.sendMail.INFO: area:::::srilanka [] []
[2018-12-26 06:25:29] Api.sendMail.INFO: toName:::::yefanli [] []
[2018-12-26 06:25:29] Api.sendMail.INFO: content [] []
[2018-12-26 06:25:29] Api.sendMail.INFO: msgTime:::::1545805528 [] []
[2018-12-26 06:25:29] Api.sendMail.INFO: 准备写入缓存1181226601125 [] []
[2018-12-26 06:26:44] Api.sendMail.INFO: id:::::1181225032120 [] []
[2018-12-26 06:26:44] Api.sendMail.INFO: toMail:::::ohyevr@163.com [] []
[2018-12-26 06:26:44] Api.sendMail.INFO: api:::::/srilanka/purchase [] []
[2018-12-26 06:26:44] Api.sendMail.INFO: area:::::srilanka [] []
[2018-12-26 06:26:44] Api.sendMail.INFO: toName:::::yefanli [] []
[2018-12-26 06:26:44] Api.sendMail.INFO: content [] []
[2018-12-26 06:26:44] Api.sendMail.INFO: msgTime:::::1545805604 [] []
[2018-12-26 06:26:44] Api.sendMail.INFO: 准备写入缓存1181226179876 [] []
[2018-12-26 06:26:50] Api.sendMail.INFO: id:::::1181225032120 [] []
[2018-12-26 06:26:50] Api.sendMail.INFO: toMail:::::ohyevr@163.com [] []
[2018-12-26 06:26:50] Api.sendMail.INFO: api:::::/srilanka/purchase [] []
[2018-12-26 06:26:50] Api.sendMail.INFO: area:::::srilanka [] []
[2018-12-26 06:26:50] Api.sendMail.INFO: toName:::::yefanli [] []
[2018-12-26 06:26:50] Api.sendMail.INFO: content [] []
[2018-12-26 06:26:50] Api.sendMail.INFO: msgTime:::::1545805610 [] []
[2018-12-26 06:26:50] Api.sendMail.INFO: 准备写入缓存1181226592235 [] []
[2018-12-26 06:27:13] Api.sendMail.INFO: id:::::1181225032120 [] []
[2018-12-26 06:27:13] Api.sendMail.INFO: toMail:::::ohyevr@163.com [] []
[2018-12-26 06:27:13] Api.sendMail.INFO: api:::::/srilanka/purchase [] []
[2018-12-26 06:27:13] Api.sendMail.INFO: area:::::srilanka [] []
[2018-12-26 06:27:13] Api.sendMail.INFO: toName:::::yefanli [] []
[2018-12-26 06:27:13] Api.sendMail.INFO: content [] []
[2018-12-26 06:27:13] Api.sendMail.INFO: msgTime:::::1545805633 [] []
[2018-12-26 06:27:13] Api.sendMail.INFO: 准备写入缓存1181226216246 [] []
[2018-12-26 06:27:22] Api.sendMail.INFO: id:::::1181225032120 [] []
[2018-12-26 06:27:22] Api.sendMail.INFO: toMail:::::ohyevr@163.com [] []
[2018-12-26 06:27:22] Api.sendMail.INFO: api:::::/srilanka/purchase [] []
[2018-12-26 06:27:22] Api.sendMail.INFO: area:::::srilanka [] []
[2018-12-26 06:27:22] Api.sendMail.INFO: toName:::::yefanli [] []
[2018-12-26 06:27:22] Api.sendMail.INFO: content [] []
[2018-12-26 06:27:22] Api.sendMail.INFO: msgTime:::::1545805642 [] []
[2018-12-26 06:27:22] Api.sendMail.INFO: 准备写入缓存1181226398714 [] []
[2018-12-26 06:27:35] Api.sendMail.INFO: id:::::1181225032120 [] []
[2018-12-26 06:27:35] Api.sendMail.INFO: toMail:::::ohyevr@163.com [] []
[2018-12-26 06:27:35] Api.sendMail.INFO: api:::::/srilanka/purchase [] []
[2018-12-26 06:27:35] Api.sendMail.INFO: area:::::srilanka [] []
[2018-12-26 06:27:35] Api.sendMail.INFO: toName:::::yefanli [] []
[2018-12-26 06:27:35] Api.sendMail.INFO: content [] []
[2018-12-26 06:27:35] Api.sendMail.INFO: msgTime:::::1545805655 [] []
[2018-12-26 06:27:35] Api.sendMail.INFO: 准备写入缓存1181226454233 [] []
[2018-12-26 06:30:24] Api.sendMail.INFO: id:::::1181225032120 [] []
[2018-12-26 06:30:24] Api.sendMail.INFO: toMail:::::ohyevr@163.com [] []
[2018-12-26 06:30:24] Api.sendMail.INFO: api:::::/srilanka/purchase [] []
[2018-12-26 06:30:24] Api.sendMail.INFO: area:::::srilanka [] []
[2018-12-26 06:30:24] Api.sendMail.INFO: toName:::::yefanli [] []
[2018-12-26 06:30:24] Api.sendMail.INFO: content [] []
[2018-12-26 06:30:24] Api.sendMail.INFO: msgTime:::::1545805824 [] []
[2018-12-26 06:30:25] Api.sendMail.INFO: 准备写入缓存1181226722455 [] []
[2018-12-26 06:30:25] Api.sendMail.INFO: id:::::1181225032120 [] []
[2018-12-26 06:30:25] Api.sendMail.INFO: toMail:::::ohyevr@163.com [] []
[2018-12-26 06:30:25] Api.sendMail.INFO: api:::::/srilanka/purchase [] []
[2018-12-26 06:30:25] Api.sendMail.INFO: area:::::srilanka [] []
[2018-12-26 06:30:25] Api.sendMail.INFO: toName:::::yefanli [] []
[2018-12-26 06:30:25] Api.sendMail.INFO: content [] []
[2018-12-26 06:30:25] Api.sendMail.INFO: msgTime:::::1545805825 [] []
[2018-12-26 06:30:25] Api.sendMail.INFO: 准备写入缓存1181226621264 [] []
[2018-12-26 06:30:25] Api.sendMail.INFO: id:::::1181225032120 [] []
[2018-12-26 06:30:25] Api.sendMail.INFO: toMail:::::ohyevr@163.com [] []
[2018-12-26 06:30:25] Api.sendMail.INFO: api:::::/srilanka/purchase [] []
[2018-12-26 06:30:25] Api.sendMail.INFO: area:::::srilanka [] []
[2018-12-26 06:30:25] Api.sendMail.INFO: toName:::::yefanli [] []
[2018-12-26 06:30:25] Api.sendMail.INFO: content [] []
[2018-12-26 06:30:25] Api.sendMail.INFO: msgTime:::::1545805825 [] []
[2018-12-26 06:30:25] Api.sendMail.INFO: 准备写入缓存1181226992133 [] []
[2018-12-26 06:30:25] Api.sendMail.INFO: id:::::1181225032120 [] []
[2018-12-26 06:30:25] Api.sendMail.INFO: toMail:::::ohyevr@163.com [] []
[2018-12-26 06:30:25] Api.sendMail.INFO: api:::::/srilanka/purchase [] []
[2018-12-26 06:30:25] Api.sendMail.INFO: area:::::srilanka [] []
[2018-12-26 06:30:25] Api.sendMail.INFO: toName:::::yefanli [] []
[2018-12-26 06:30:25] Api.sendMail.INFO: content [] []
[2018-12-26 06:30:25] Api.sendMail.INFO: msgTime:::::1545805825 [] []
[2018-12-26 06:30:25] Api.sendMail.INFO: 准备写入缓存1181226748468 [] []
[2018-12-26 06:30:25] Api.sendMail.INFO: id:::::1181225032120 [] []
[2018-12-26 06:30:25] Api.sendMail.INFO: toMail:::::ohyevr@163.com [] []
[2018-12-26 06:30:25] Api.sendMail.INFO: api:::::/srilanka/purchase [] []
[2018-12-26 06:30:25] Api.sendMail.INFO: area:::::srilanka [] []
[2018-12-26 06:30:25] Api.sendMail.INFO: toName:::::yefanli [] []
[2018-12-26 06:30:25] Api.sendMail.INFO: content [] []
[2018-12-26 06:30:25] Api.sendMail.INFO: msgTime:::::1545805825 [] []
[2018-12-26 06:30:25] Api.sendMail.INFO: 准备写入缓存1181226974295 [] []
[2018-12-26 06:30:25] Api.sendMail.INFO: id:::::1181225032120 [] []
[2018-12-26 06:30:25] Api.sendMail.INFO: toMail:::::ohyevr@163.com [] []
[2018-12-26 06:30:25] Api.sendMail.INFO: api:::::/srilanka/purchase [] []
[2018-12-26 06:30:25] Api.sendMail.INFO: area:::::srilanka [] []
[2018-12-26 06:30:25] Api.sendMail.INFO: toName:::::yefanli [] []
[2018-12-26 06:30:25] Api.sendMail.INFO: content [] []
[2018-12-26 06:30:25] Api.sendMail.INFO: msgTime:::::1545805825 [] []
[2018-12-26 06:30:25] Api.sendMail.INFO: 准备写入缓存1181226321157 [] []
[2018-12-26 06:30:25] Api.sendMail.INFO: id:::::1181225032120 [] []
[2018-12-26 06:30:25] Api.sendMail.INFO: toMail:::::ohyevr@163.com [] []
[2018-12-26 06:30:25] Api.sendMail.INFO: api:::::/srilanka/purchase [] []
[2018-12-26 06:30:25] Api.sendMail.INFO: area:::::srilanka [] []
[2018-12-26 06:30:25] Api.sendMail.INFO: toName:::::yefanli [] []
[2018-12-26 06:30:25] Api.sendMail.INFO: content [] []
[2018-12-26 06:30:25] Api.sendMail.INFO: msgTime:::::1545805825 [] []
[2018-12-26 06:30:25] Api.sendMail.INFO: 准备写入缓存1181226519572 [] []
[2018-12-26 06:30:25] Api.sendMail.INFO: id:::::1181225032120 [] []
[2018-12-26 06:30:25] Api.sendMail.INFO: toMail:::::ohyevr@163.com [] []
[2018-12-26 06:30:25] Api.sendMail.INFO: api:::::/srilanka/purchase [] []
[2018-12-26 06:30:25] Api.sendMail.INFO: area:::::srilanka [] []
[2018-12-26 06:30:25] Api.sendMail.INFO: toName:::::yefanli [] []
[2018-12-26 06:30:25] Api.sendMail.INFO: content [] []
[2018-12-26 06:30:25] Api.sendMail.INFO: msgTime:::::1545805825 [] []
[2018-12-26 06:30:25] Api.sendMail.INFO: 准备写入缓存1181226276338 [] []
[2018-12-26 06:30:25] Api.sendMail.INFO: id:::::1181225032120 [] []
[2018-12-26 06:30:25] Api.sendMail.INFO: toMail:::::ohyevr@163.com [] []
[2018-12-26 06:30:25] Api.sendMail.INFO: api:::::/srilanka/purchase [] []
[2018-12-26 06:30:25] Api.sendMail.INFO: area:::::srilanka [] []
[2018-12-26 06:30:25] Api.sendMail.INFO: toName:::::yefanli [] []
[2018-12-26 06:30:25] Api.sendMail.INFO: content [] []
[2018-12-26 06:30:25] Api.sendMail.INFO: msgTime:::::1545805825 [] []
[2018-12-26 06:30:25] Api.sendMail.INFO: 准备写入缓存1181226260876 [] []
[2018-12-26 06:30:25] Api.sendMail.INFO: id:::::1181225032120 [] []
[2018-12-26 06:30:25] Api.sendMail.INFO: toMail:::::ohyevr@163.com [] []
[2018-12-26 06:30:25] Api.sendMail.INFO: api:::::/srilanka/purchase [] []
[2018-12-26 06:30:25] Api.sendMail.INFO: area:::::srilanka [] []
[2018-12-26 06:30:25] Api.sendMail.INFO: toName:::::yefanli [] []
[2018-12-26 06:30:25] Api.sendMail.INFO: content [] []
[2018-12-26 06:30:25] Api.sendMail.INFO: msgTime:::::1545805825 [] []
[2018-12-26 06:30:25] Api.sendMail.INFO: 准备写入缓存1181226631422 [] []
[2018-12-26 06:30:25] Api.sendMail.INFO: id:::::1181225032120 [] []
[2018-12-26 06:30:25] Api.sendMail.INFO: toMail:::::ohyevr@163.com [] []
[2018-12-26 06:30:25] Api.sendMail.INFO: api:::::/srilanka/purchase [] []
[2018-12-26 06:30:25] Api.sendMail.INFO: area:::::srilanka [] []
[2018-12-26 06:30:25] Api.sendMail.INFO: toName:::::yefanli [] []
[2018-12-26 06:30:25] Api.sendMail.INFO: content [] []
[2018-12-26 06:30:25] Api.sendMail.INFO: msgTime:::::1545805825 [] []
[2018-12-26 06:30:25] Api.sendMail.INFO: 准备写入缓存1181226926118 [] []
[2018-12-26 06:30:25] Api.sendMail.INFO: id:::::1181225032120 [] []
[2018-12-26 06:30:25] Api.sendMail.INFO: toMail:::::ohyevr@163.com [] []
[2018-12-26 06:30:25] Api.sendMail.INFO: api:::::/srilanka/purchase [] []
[2018-12-26 06:30:25] Api.sendMail.INFO: area:::::srilanka [] []
[2018-12-26 06:30:25] Api.sendMail.INFO: toName:::::yefanli [] []
[2018-12-26 06:30:25] Api.sendMail.INFO: content [] []
[2018-12-26 06:30:25] Api.sendMail.INFO: msgTime:::::1545805825 [] []
[2018-12-26 06:30:25] Api.sendMail.INFO: 准备写入缓存1181226752735 [] []
[2018-12-26 06:30:25] Api.sendMail.INFO: id:::::1181225032120 [] []
[2018-12-26 06:30:25] Api.sendMail.INFO: toMail:::::ohyevr@163.com [] []
[2018-12-26 06:30:25] Api.sendMail.INFO: api:::::/srilanka/purchase [] []
[2018-12-26 06:30:25] Api.sendMail.INFO: area:::::srilanka [] []
[2018-12-26 06:30:25] Api.sendMail.INFO: toName:::::yefanli [] []
[2018-12-26 06:30:25] Api.sendMail.INFO: content [] []
[2018-12-26 06:30:25] Api.sendMail.INFO: msgTime:::::1545805825 [] []
[2018-12-26 06:30:25] Api.sendMail.INFO: 准备写入缓存1181226394265 [] []
[2018-12-26 06:30:25] Api.sendMail.INFO: id:::::1181225032120 [] []
[2018-12-26 06:30:25] Api.sendMail.INFO: toMail:::::ohyevr@163.com [] []
[2018-12-26 06:30:25] Api.sendMail.INFO: api:::::/srilanka/purchase [] []
[2018-12-26 06:30:25] Api.sendMail.INFO: area:::::srilanka [] []
[2018-12-26 06:30:25] Api.sendMail.INFO: toName:::::yefanli [] []
[2018-12-26 06:30:25] Api.sendMail.INFO: content [] []
[2018-12-26 06:30:25] Api.sendMail.INFO: msgTime:::::1545805825 [] []
[2018-12-26 06:30:25] Api.sendMail.INFO: 准备写入缓存1181226438851 [] []
[2018-12-26 06:30:25] Api.sendMail.INFO: id:::::1181225032120 [] []
[2018-12-26 06:30:25] Api.sendMail.INFO: toMail:::::ohyevr@163.com [] []
[2018-12-26 06:30:25] Api.sendMail.INFO: api:::::/srilanka/purchase [] []
[2018-12-26 06:30:25] Api.sendMail.INFO: area:::::srilanka [] []
[2018-12-26 06:30:25] Api.sendMail.INFO: toName:::::yefanli [] []
[2018-12-26 06:30:25] Api.sendMail.INFO: content [] []
[2018-12-26 06:30:25] Api.sendMail.INFO: msgTime:::::1545805825 [] []
[2018-12-26 06:30:25] Api.sendMail.INFO: 准备写入缓存1181226706404 [] []
[2018-12-26 06:30:25] Api.sendMail.INFO: id:::::1181225032120 [] []
[2018-12-26 06:30:25] Api.sendMail.INFO: toMail:::::ohyevr@163.com [] []
[2018-12-26 06:30:25] Api.sendMail.INFO: api:::::/srilanka/purchase [] []
[2018-12-26 06:30:25] Api.sendMail.INFO: area:::::srilanka [] []
[2018-12-26 06:30:25] Api.sendMail.INFO: toName:::::yefanli [] []
[2018-12-26 06:30:25] Api.sendMail.INFO: content [] []
[2018-12-26 06:30:25] Api.sendMail.INFO: msgTime:::::1545805825 [] []
[2018-12-26 06:30:25] Api.sendMail.INFO: 准备写入缓存1181226198377 [] []
[2018-12-26 06:30:25] Api.sendMail.INFO: id:::::1181225032120 [] []
[2018-12-26 06:30:25] Api.sendMail.INFO: toMail:::::ohyevr@163.com [] []
[2018-12-26 06:30:25] Api.sendMail.INFO: api:::::/srilanka/purchase [] []
[2018-12-26 06:30:25] Api.sendMail.INFO: area:::::srilanka [] []
[2018-12-26 06:30:25] Api.sendMail.INFO: toName:::::yefanli [] []
[2018-12-26 06:30:25] Api.sendMail.INFO: content [] []
[2018-12-26 06:30:25] Api.sendMail.INFO: msgTime:::::1545805825 [] []
[2018-12-26 06:30:25] Api.sendMail.INFO: 准备写入缓存1181226150161 [] []
[2018-12-26 06:30:25] Api.sendMail.INFO: id:::::1181225032120 [] []
[2018-12-26 06:30:25] Api.sendMail.INFO: toMail:::::ohyevr@163.com [] []
[2018-12-26 06:30:25] Api.sendMail.INFO: api:::::/srilanka/purchase [] []
[2018-12-26 06:30:25] Api.sendMail.INFO: area:::::srilanka [] []
[2018-12-26 06:30:25] Api.sendMail.INFO: toName:::::yefanli [] []
[2018-12-26 06:30:25] Api.sendMail.INFO: content [] []
[2018-12-26 06:30:25] Api.sendMail.INFO: msgTime:::::1545805825 [] []
[2018-12-26 06:30:25] Api.sendMail.INFO: 准备写入缓存1181226491608 [] []
[2018-12-26 06:30:25] Api.sendMail.INFO: id:::::1181225032120 [] []
[2018-12-26 06:30:25] Api.sendMail.INFO: toMail:::::ohyevr@163.com [] []
[2018-12-26 06:30:25] Api.sendMail.INFO: api:::::/srilanka/purchase [] []
[2018-12-26 06:30:25] Api.sendMail.INFO: area:::::srilanka [] []
[2018-12-26 06:30:25] Api.sendMail.INFO: toName:::::yefanli [] []
[2018-12-26 06:30:25] Api.sendMail.INFO: content [] []
[2018-12-26 06:30:25] Api.sendMail.INFO: msgTime:::::1545805825 [] []
[2018-12-26 06:30:25] Api.sendMail.INFO: 准备写入缓存1181226674992 [] []
[2018-12-26 06:30:25] Api.sendMail.INFO: id:::::1181225032120 [] []
[2018-12-26 06:30:25] Api.sendMail.INFO: toMail:::::ohyevr@163.com [] []
[2018-12-26 06:30:25] Api.sendMail.INFO: api:::::/srilanka/purchase [] []
[2018-12-26 06:30:25] Api.sendMail.INFO: area:::::srilanka [] []
[2018-12-26 06:30:25] Api.sendMail.INFO: toName:::::yefanli [] []
[2018-12-26 06:30:25] Api.sendMail.INFO: content [] []
[2018-12-26 06:30:25] Api.sendMail.INFO: msgTime:::::1545805825 [] []
[2018-12-26 06:30:25] Api.sendMail.INFO: 准备写入缓存1181226587856 [] []
[2018-12-26 06:30:25] Api.sendMail.INFO: id:::::1181225032120 [] []
[2018-12-26 06:30:25] Api.sendMail.INFO: toMail:::::ohyevr@163.com [] []
[2018-12-26 06:30:25] Api.sendMail.INFO: api:::::/srilanka/purchase [] []
[2018-12-26 06:30:25] Api.sendMail.INFO: area:::::srilanka [] []
[2018-12-26 06:30:25] Api.sendMail.INFO: toName:::::yefanli [] []
[2018-12-26 06:30:25] Api.sendMail.INFO: content [] []
[2018-12-26 06:30:25] Api.sendMail.INFO: msgTime:::::1545805825 [] []
[2018-12-26 06:30:25] Api.sendMail.INFO: 准备写入缓存1181226849223 [] []
[2018-12-26 06:30:25] Api.sendMail.INFO: id:::::1181225032120 [] []
[2018-12-26 06:30:25] Api.sendMail.INFO: toMail:::::ohyevr@163.com [] []
[2018-12-26 06:30:25] Api.sendMail.INFO: api:::::/srilanka/purchase [] []
[2018-12-26 06:30:25] Api.sendMail.INFO: area:::::srilanka [] []
[2018-12-26 06:30:25] Api.sendMail.INFO: toName:::::yefanli [] []
[2018-12-26 06:30:25] Api.sendMail.INFO: content [] []
[2018-12-26 06:30:25] Api.sendMail.INFO: msgTime:::::1545805825 [] []
[2018-12-26 06:30:25] Api.sendMail.INFO: 准备写入缓存1181226164633 [] []
[2018-12-26 06:30:25] Api.sendMail.INFO: id:::::1181225032120 [] []
[2018-12-26 06:30:25] Api.sendMail.INFO: toMail:::::ohyevr@163.com [] []
[2018-12-26 06:30:25] Api.sendMail.INFO: api:::::/srilanka/purchase [] []
[2018-12-26 06:30:25] Api.sendMail.INFO: area:::::srilanka [] []
[2018-12-26 06:30:25] Api.sendMail.INFO: toName:::::yefanli [] []
[2018-12-26 06:30:25] Api.sendMail.INFO: content [] []
[2018-12-26 06:30:25] Api.sendMail.INFO: msgTime:::::1545805825 [] []
[2018-12-26 06:30:25] Api.sendMail.INFO: 准备写入缓存1181226770205 [] []
[2018-12-26 06:30:25] Api.sendMail.INFO: id:::::1181225032120 [] []
[2018-12-26 06:30:25] Api.sendMail.INFO: toMail:::::ohyevr@163.com [] []
[2018-12-26 06:30:25] Api.sendMail.INFO: api:::::/srilanka/purchase [] []
[2018-12-26 06:30:25] Api.sendMail.INFO: area:::::srilanka [] []
[2018-12-26 06:30:25] Api.sendMail.INFO: toName:::::yefanli [] []
[2018-12-26 06:30:25] Api.sendMail.INFO: content [] []
[2018-12-26 06:30:25] Api.sendMail.INFO: msgTime:::::1545805825 [] []
[2018-12-26 06:30:25] Api.sendMail.INFO: 准备写入缓存1181226183589 [] []
[2018-12-26 06:30:26] Api.sendMail.INFO: id:::::1181225032120 [] []
[2018-12-26 06:30:26] Api.sendMail.INFO: toMail:::::ohyevr@163.com [] []
[2018-12-26 06:30:26] Api.sendMail.INFO: api:::::/srilanka/purchase [] []
[2018-12-26 06:30:26] Api.sendMail.INFO: area:::::srilanka [] []
[2018-12-26 06:30:26] Api.sendMail.INFO: toName:::::yefanli [] []
[2018-12-26 06:30:26] Api.sendMail.INFO: content [] []
[2018-12-26 06:30:26] Api.sendMail.INFO: msgTime:::::1545805825 [] []
[2018-12-26 06:30:26] Api.sendMail.INFO: 准备写入缓存1181226953356 [] []
[2018-12-26 06:30:26] Api.sendMail.INFO: id:::::1181225032120 [] []
[2018-12-26 06:30:26] Api.sendMail.INFO: toMail:::::ohyevr@163.com [] []
[2018-12-26 06:30:26] Api.sendMail.INFO: api:::::/srilanka/purchase [] []
[2018-12-26 06:30:26] Api.sendMail.INFO: area:::::srilanka [] []
[2018-12-26 06:30:26] Api.sendMail.INFO: toName:::::yefanli [] []
[2018-12-26 06:30:26] Api.sendMail.INFO: content [] []
[2018-12-26 06:30:26] Api.sendMail.INFO: msgTime:::::1545805826 [] []
[2018-12-26 06:30:26] Api.sendMail.INFO: 准备写入缓存1181226791218 [] []
[2018-12-26 06:30:26] Api.sendMail.INFO: id:::::1181225032120 [] []
[2018-12-26 06:30:26] Api.sendMail.INFO: toMail:::::ohyevr@163.com [] []
[2018-12-26 06:30:26] Api.sendMail.INFO: api:::::/srilanka/purchase [] []
[2018-12-26 06:30:26] Api.sendMail.INFO: area:::::srilanka [] []
[2018-12-26 06:30:26] Api.sendMail.INFO: toName:::::yefanli [] []
[2018-12-26 06:30:26] Api.sendMail.INFO: content [] []
[2018-12-26 06:30:26] Api.sendMail.INFO: msgTime:::::1545805826 [] []
[2018-12-26 06:30:26] Api.sendMail.INFO: 准备写入缓存1181226533938 [] []
[2018-12-26 06:30:26] Api.sendMail.INFO: id:::::1181225032120 [] []
[2018-12-26 06:30:26] Api.sendMail.INFO: toMail:::::ohyevr@163.com [] []
[2018-12-26 06:30:26] Api.sendMail.INFO: api:::::/srilanka/purchase [] []
[2018-12-26 06:30:26] Api.sendMail.INFO: area:::::srilanka [] []
[2018-12-26 06:30:26] Api.sendMail.INFO: toName:::::yefanli [] []
[2018-12-26 06:30:26] Api.sendMail.INFO: content [] []
[2018-12-26 06:30:26] Api.sendMail.INFO: msgTime:::::1545805826 [] []
[2018-12-26 06:30:26] Api.sendMail.INFO: 准备写入缓存1181226871255 [] []
[2018-12-26 06:30:26] Api.sendMail.INFO: id:::::1181225032120 [] []
[2018-12-26 06:30:26] Api.sendMail.INFO: toMail:::::ohyevr@163.com [] []
[2018-12-26 06:30:26] Api.sendMail.INFO: api:::::/srilanka/purchase [] []
[2018-12-26 06:30:26] Api.sendMail.INFO: area:::::srilanka [] []
[2018-12-26 06:30:26] Api.sendMail.INFO: toName:::::yefanli [] []
[2018-12-26 06:30:26] Api.sendMail.INFO: content [] []
[2018-12-26 06:30:26] Api.sendMail.INFO: msgTime:::::1545805826 [] []
[2018-12-26 06:30:26] Api.sendMail.INFO: 准备写入缓存1181226865888 [] []
[2018-12-26 06:30:26] Api.sendMail.INFO: id:::::1181225032120 [] []
[2018-12-26 06:30:26] Api.sendMail.INFO: toMail:::::ohyevr@163.com [] []
[2018-12-26 06:30:26] Api.sendMail.INFO: api:::::/srilanka/purchase [] []
[2018-12-26 06:30:26] Api.sendMail.INFO: area:::::srilanka [] []
[2018-12-26 06:30:26] Api.sendMail.INFO: toName:::::yefanli [] []
[2018-12-26 06:30:26] Api.sendMail.INFO: content [] []
[2018-12-26 06:30:26] Api.sendMail.INFO: msgTime:::::1545805826 [] []
[2018-12-26 06:30:26] Api.sendMail.INFO: 准备写入缓存1181226399804 [] []
[2018-12-26 06:30:26] Api.sendMail.INFO: id:::::1181225032120 [] []
[2018-12-26 06:30:26] Api.sendMail.INFO: toMail:::::ohyevr@163.com [] []
[2018-12-26 06:30:26] Api.sendMail.INFO: api:::::/srilanka/purchase [] []
[2018-12-26 06:30:26] Api.sendMail.INFO: area:::::srilanka [] []
[2018-12-26 06:30:26] Api.sendMail.INFO: toName:::::yefanli [] []
[2018-12-26 06:30:26] Api.sendMail.INFO: content [] []
[2018-12-26 06:30:26] Api.sendMail.INFO: msgTime:::::1545805826 [] []
[2018-12-26 06:30:26] Api.sendMail.INFO: 准备写入缓存1181226542492 [] []
[2018-12-26 06:30:26] Api.sendMail.INFO: id:::::1181225032120 [] []
[2018-12-26 06:30:26] Api.sendMail.INFO: toMail:::::ohyevr@163.com [] []
[2018-12-26 06:30:26] Api.sendMail.INFO: api:::::/srilanka/purchase [] []
[2018-12-26 06:30:26] Api.sendMail.INFO: area:::::srilanka [] []
[2018-12-26 06:30:26] Api.sendMail.INFO: toName:::::yefanli [] []
[2018-12-26 06:30:26] Api.sendMail.INFO: content [] []
[2018-12-26 06:30:26] Api.sendMail.INFO: msgTime:::::1545805826 [] []
[2018-12-26 06:30:26] Api.sendMail.INFO: 准备写入缓存1181226156995 [] []
[2018-12-26 06:30:26] Api.sendMail.INFO: id:::::1181225032120 [] []
[2018-12-26 06:30:26] Api.sendMail.INFO: toMail:::::ohyevr@163.com [] []
[2018-12-26 06:30:26] Api.sendMail.INFO: api:::::/srilanka/purchase [] []
[2018-12-26 06:30:26] Api.sendMail.INFO: area:::::srilanka [] []
[2018-12-26 06:30:26] Api.sendMail.INFO: toName:::::yefanli [] []
[2018-12-26 06:30:26] Api.sendMail.INFO: content [] []
[2018-12-26 06:30:26] Api.sendMail.INFO: msgTime:::::1545805826 [] []
[2018-12-26 06:30:26] Api.sendMail.INFO: 准备写入缓存1181226143507 [] []
[2018-12-26 06:30:26] Api.sendMail.INFO: id:::::1181225032120 [] []
[2018-12-26 06:30:26] Api.sendMail.INFO: toMail:::::ohyevr@163.com [] []
[2018-12-26 06:30:26] Api.sendMail.INFO: api:::::/srilanka/purchase [] []
[2018-12-26 06:30:26] Api.sendMail.INFO: area:::::srilanka [] []
[2018-12-26 06:30:26] Api.sendMail.INFO: toName:::::yefanli [] []
[2018-12-26 06:30:26] Api.sendMail.INFO: content [] []
[2018-12-26 06:30:26] Api.sendMail.INFO: msgTime:::::1545805826 [] []
[2018-12-26 06:30:26] Api.sendMail.INFO: 准备写入缓存1181226603640 [] []
[2018-12-26 06:30:26] Api.sendMail.INFO: id:::::1181225032120 [] []
[2018-12-26 06:30:26] Api.sendMail.INFO: toMail:::::ohyevr@163.com [] []
[2018-12-26 06:30:26] Api.sendMail.INFO: api:::::/srilanka/purchase [] []
[2018-12-26 06:30:26] Api.sendMail.INFO: area:::::srilanka [] []
[2018-12-26 06:30:26] Api.sendMail.INFO: toName:::::yefanli [] []
[2018-12-26 06:30:26] Api.sendMail.INFO: content [] []
[2018-12-26 06:30:26] Api.sendMail.INFO: msgTime:::::1545805826 [] []
[2018-12-26 06:30:26] Api.sendMail.INFO: 准备写入缓存1181226578306 [] []
[2018-12-26 06:30:26] Api.sendMail.INFO: id:::::1181225032120 [] []
[2018-12-26 06:30:26] Api.sendMail.INFO: toMail:::::ohyevr@163.com [] []
[2018-12-26 06:30:26] Api.sendMail.INFO: api:::::/srilanka/purchase [] []
[2018-12-26 06:30:26] Api.sendMail.INFO: area:::::srilanka [] []
[2018-12-26 06:30:26] Api.sendMail.INFO: toName:::::yefanli [] []
[2018-12-26 06:30:26] Api.sendMail.INFO: content [] []
[2018-12-26 06:30:26] Api.sendMail.INFO: msgTime:::::1545805826 [] []
[2018-12-26 06:30:26] Api.sendMail.INFO: 准备写入缓存1181226112498 [] []
[2018-12-26 06:30:26] Api.sendMail.INFO: id:::::1181225032120 [] []
[2018-12-26 06:30:26] Api.sendMail.INFO: toMail:::::ohyevr@163.com [] []
[2018-12-26 06:30:26] Api.sendMail.INFO: api:::::/srilanka/purchase [] []
[2018-12-26 06:30:26] Api.sendMail.INFO: area:::::srilanka [] []
[2018-12-26 06:30:26] Api.sendMail.INFO: toName:::::yefanli [] []
[2018-12-26 06:30:26] Api.sendMail.INFO: content [] []
[2018-12-26 06:30:26] Api.sendMail.INFO: msgTime:::::1545805826 [] []
[2018-12-26 06:30:26] Api.sendMail.INFO: 准备写入缓存1181226555432 [] []
[2018-12-26 06:30:26] Api.sendMail.INFO: id:::::1181225032120 [] []
[2018-12-26 06:30:26] Api.sendMail.INFO: toMail:::::ohyevr@163.com [] []
[2018-12-26 06:30:26] Api.sendMail.INFO: api:::::/srilanka/purchase [] []
[2018-12-26 06:30:26] Api.sendMail.INFO: area:::::srilanka [] []
[2018-12-26 06:30:26] Api.sendMail.INFO: toName:::::yefanli [] []
[2018-12-26 06:30:26] Api.sendMail.INFO: content [] []
[2018-12-26 06:30:26] Api.sendMail.INFO: msgTime:::::1545805826 [] []
[2018-12-26 06:30:26] Api.sendMail.INFO: 准备写入缓存1181226895975 [] []
[2018-12-26 06:30:26] Api.sendMail.INFO: id:::::1181225032120 [] []
[2018-12-26 06:30:26] Api.sendMail.INFO: toMail:::::ohyevr@163.com [] []
[2018-12-26 06:30:26] Api.sendMail.INFO: api:::::/srilanka/purchase [] []
[2018-12-26 06:30:26] Api.sendMail.INFO: area:::::srilanka [] []
[2018-12-26 06:30:26] Api.sendMail.INFO: toName:::::yefanli [] []
[2018-12-26 06:30:26] Api.sendMail.INFO: content [] []
[2018-12-26 06:30:26] Api.sendMail.INFO: msgTime:::::1545805826 [] []
[2018-12-26 06:30:26] Api.sendMail.INFO: 准备写入缓存1181226940959 [] []
[2018-12-26 06:30:26] Api.sendMail.INFO: id:::::1181225032120 [] []
[2018-12-26 06:30:26] Api.sendMail.INFO: toMail:::::ohyevr@163.com [] []
[2018-12-26 06:30:26] Api.sendMail.INFO: api:::::/srilanka/purchase [] []
[2018-12-26 06:30:26] Api.sendMail.INFO: area:::::srilanka [] []
[2018-12-26 06:30:26] Api.sendMail.INFO: toName:::::yefanli [] []
[2018-12-26 06:30:26] Api.sendMail.INFO: content [] []
[2018-12-26 06:30:26] Api.sendMail.INFO: msgTime:::::1545805826 [] []
[2018-12-26 06:30:26] Api.sendMail.INFO: 准备写入缓存1181226878939 [] []
[2018-12-26 06:30:26] Api.sendMail.INFO: id:::::1181225032120 [] []
[2018-12-26 06:30:26] Api.sendMail.INFO: toMail:::::ohyevr@163.com [] []
[2018-12-26 06:30:26] Api.sendMail.INFO: api:::::/srilanka/purchase [] []
[2018-12-26 06:30:26] Api.sendMail.INFO: area:::::srilanka [] []
[2018-12-26 06:30:26] Api.sendMail.INFO: toName:::::yefanli [] []
[2018-12-26 06:30:26] Api.sendMail.INFO: content [] []
[2018-12-26 06:30:26] Api.sendMail.INFO: msgTime:::::1545805826 [] []
[2018-12-26 06:30:26] Api.sendMail.INFO: 准备写入缓存1181226908774 [] []
[2018-12-26 06:30:26] Api.sendMail.INFO: id:::::1181225032120 [] []
[2018-12-26 06:30:26] Api.sendMail.INFO: toMail:::::ohyevr@163.com [] []
[2018-12-26 06:30:26] Api.sendMail.INFO: api:::::/srilanka/purchase [] []
[2018-12-26 06:30:26] Api.sendMail.INFO: area:::::srilanka [] []
[2018-12-26 06:30:26] Api.sendMail.INFO: toName:::::yefanli [] []
[2018-12-26 06:30:26] Api.sendMail.INFO: content [] []
[2018-12-26 06:30:26] Api.sendMail.INFO: msgTime:::::1545805826 [] []
[2018-12-26 06:30:26] Api.sendMail.INFO: 准备写入缓存1181226915885 [] []
[2018-12-26 06:30:26] Api.sendMail.INFO: id:::::1181225032120 [] []
[2018-12-26 06:30:26] Api.sendMail.INFO: toMail:::::ohyevr@163.com [] []
[2018-12-26 06:30:26] Api.sendMail.INFO: api:::::/srilanka/purchase [] []
[2018-12-26 06:30:26] Api.sendMail.INFO: area:::::srilanka [] []
[2018-12-26 06:30:26] Api.sendMail.INFO: toName:::::yefanli [] []
[2018-12-26 06:30:26] Api.sendMail.INFO: content [] []
[2018-12-26 06:30:26] Api.sendMail.INFO: msgTime:::::1545805826 [] []
[2018-12-26 06:30:26] Api.sendMail.INFO: 准备写入缓存1181226809935 [] []
[2018-12-26 06:30:26] Api.sendMail.INFO: id:::::1181225032120 [] []
[2018-12-26 06:30:26] Api.sendMail.INFO: toMail:::::ohyevr@163.com [] []
[2018-12-26 06:30:26] Api.sendMail.INFO: api:::::/srilanka/purchase [] []
[2018-12-26 06:30:26] Api.sendMail.INFO: area:::::srilanka [] []
[2018-12-26 06:30:26] Api.sendMail.INFO: toName:::::yefanli [] []
[2018-12-26 06:30:26] Api.sendMail.INFO: content [] []
[2018-12-26 06:30:26] Api.sendMail.INFO: msgTime:::::1545805826 [] []
[2018-12-26 06:30:26] Api.sendMail.INFO: 准备写入缓存1181226569218 [] []
[2018-12-26 06:30:26] Api.sendMail.INFO: id:::::1181225032120 [] []
[2018-12-26 06:30:26] Api.sendMail.INFO: toMail:::::ohyevr@163.com [] []
[2018-12-26 06:30:26] Api.sendMail.INFO: api:::::/srilanka/purchase [] []
[2018-12-26 06:30:26] Api.sendMail.INFO: area:::::srilanka [] []
[2018-12-26 06:30:26] Api.sendMail.INFO: toName:::::yefanli [] []
[2018-12-26 06:30:26] Api.sendMail.INFO: content [] []
[2018-12-26 06:30:26] Api.sendMail.INFO: msgTime:::::1545805826 [] []
[2018-12-26 06:30:26] Api.sendMail.INFO: 准备写入缓存1181226631149 [] []
[2018-12-26 06:30:26] Api.sendMail.INFO: id:::::1181225032120 [] []
[2018-12-26 06:30:26] Api.sendMail.INFO: toMail:::::ohyevr@163.com [] []
[2018-12-26 06:30:26] Api.sendMail.INFO: api:::::/srilanka/purchase [] []
[2018-12-26 06:30:26] Api.sendMail.INFO: area:::::srilanka [] []
[2018-12-26 06:30:26] Api.sendMail.INFO: toName:::::yefanli [] []
[2018-12-26 06:30:26] Api.sendMail.INFO: content [] []
[2018-12-26 06:30:26] Api.sendMail.INFO: msgTime:::::1545805826 [] []
[2018-12-26 06:30:26] Api.sendMail.INFO: 准备写入缓存1181226293773 [] []
[2018-12-26 06:30:26] Api.sendMail.INFO: id:::::1181225032120 [] []
[2018-12-26 06:30:26] Api.sendMail.INFO: toMail:::::ohyevr@163.com [] []
[2018-12-26 06:30:26] Api.sendMail.INFO: api:::::/srilanka/purchase [] []
[2018-12-26 06:30:26] Api.sendMail.INFO: area:::::srilanka [] []
[2018-12-26 06:30:26] Api.sendMail.INFO: toName:::::yefanli [] []
[2018-12-26 06:30:26] Api.sendMail.INFO: content [] []
[2018-12-26 06:30:26] Api.sendMail.INFO: msgTime:::::1545805826 [] []
[2018-12-26 06:30:26] Api.sendMail.INFO: 准备写入缓存1181226473628 [] []
[2018-12-26 06:30:26] Api.sendMail.INFO: id:::::1181225032120 [] []
[2018-12-26 06:30:26] Api.sendMail.INFO: toMail:::::ohyevr@163.com [] []
[2018-12-26 06:30:26] Api.sendMail.INFO: api:::::/srilanka/purchase [] []
[2018-12-26 06:30:26] Api.sendMail.INFO: area:::::srilanka [] []
[2018-12-26 06:30:26] Api.sendMail.INFO: toName:::::yefanli [] []
[2018-12-26 06:30:26] Api.sendMail.INFO: content [] []
[2018-12-26 06:30:26] Api.sendMail.INFO: msgTime:::::1545805826 [] []
[2018-12-26 06:30:26] Api.sendMail.INFO: 准备写入缓存1181226319388 [] []
[2018-12-26 06:30:26] Api.sendMail.INFO: id:::::1181225032120 [] []
[2018-12-26 06:30:26] Api.sendMail.INFO: toMail:::::ohyevr@163.com [] []
[2018-12-26 06:30:26] Api.sendMail.INFO: api:::::/srilanka/purchase [] []
[2018-12-26 06:30:26] Api.sendMail.INFO: area:::::srilanka [] []
[2018-12-26 06:30:26] Api.sendMail.INFO: toName:::::yefanli [] []
[2018-12-26 06:30:26] Api.sendMail.INFO: content [] []
[2018-12-26 06:30:26] Api.sendMail.INFO: msgTime:::::1545805826 [] []
[2018-12-26 06:30:26] Api.sendMail.INFO: 准备写入缓存1181226308283 [] []
[2018-12-26 06:30:27] Api.sendMail.INFO: id:::::1181225032120 [] []
[2018-12-26 06:30:27] Api.sendMail.INFO: toMail:::::ohyevr@163.com [] []
[2018-12-26 06:30:27] Api.sendMail.INFO: api:::::/srilanka/purchase [] []
[2018-12-26 06:30:27] Api.sendMail.INFO: area:::::srilanka [] []
[2018-12-26 06:30:27] Api.sendMail.INFO: toName:::::yefanli [] []
[2018-12-26 06:30:27] Api.sendMail.INFO: content [] []
[2018-12-26 06:30:27] Api.sendMail.INFO: msgTime:::::1545805826 [] []
[2018-12-26 06:30:27] Api.sendMail.INFO: 准备写入缓存1181226585171 [] []
[2018-12-26 06:30:27] Api.sendMail.INFO: id:::::1181225032120 [] []
[2018-12-26 06:30:27] Api.sendMail.INFO: toMail:::::ohyevr@163.com [] []
[2018-12-26 06:30:27] Api.sendMail.INFO: api:::::/srilanka/purchase [] []
[2018-12-26 06:30:27] Api.sendMail.INFO: area:::::srilanka [] []
[2018-12-26 06:30:27] Api.sendMail.INFO: toName:::::yefanli [] []
[2018-12-26 06:30:27] Api.sendMail.INFO: content [] []
[2018-12-26 06:30:27] Api.sendMail.INFO: msgTime:::::1545805827 [] []
[2018-12-26 06:30:27] Api.sendMail.INFO: 准备写入缓存1181226349805 [] []
[2018-12-26 06:30:27] Api.sendMail.INFO: id:::::1181225032120 [] []
[2018-12-26 06:30:27] Api.sendMail.INFO: toMail:::::ohyevr@163.com [] []
[2018-12-26 06:30:27] Api.sendMail.INFO: api:::::/srilanka/purchase [] []
[2018-12-26 06:30:27] Api.sendMail.INFO: area:::::srilanka [] []
[2018-12-26 06:30:27] Api.sendMail.INFO: toName:::::yefanli [] []
[2018-12-26 06:30:27] Api.sendMail.INFO: content [] []
[2018-12-26 06:30:27] Api.sendMail.INFO: msgTime:::::1545805827 [] []
[2018-12-26 06:30:27] Api.sendMail.INFO: 准备写入缓存1181226643361 [] []
[2018-12-26 06:30:27] Api.sendMail.INFO: id:::::1181225032120 [] []
[2018-12-26 06:30:27] Api.sendMail.INFO: toMail:::::ohyevr@163.com [] []
[2018-12-26 06:30:27] Api.sendMail.INFO: api:::::/srilanka/purchase [] []
[2018-12-26 06:30:27] Api.sendMail.INFO: area:::::srilanka [] []
[2018-12-26 06:30:27] Api.sendMail.INFO: toName:::::yefanli [] []
[2018-12-26 06:30:27] Api.sendMail.INFO: content [] []
[2018-12-26 06:30:27] Api.sendMail.INFO: msgTime:::::1545805827 [] []
[2018-12-26 06:30:27] Api.sendMail.INFO: 准备写入缓存1181226417313 [] []
[2018-12-26 06:30:27] Api.sendMail.INFO: id:::::1181225032120 [] []
[2018-12-26 06:30:27] Api.sendMail.INFO: toMail:::::ohyevr@163.com [] []
[2018-12-26 06:30:27] Api.sendMail.INFO: api:::::/srilanka/purchase [] []
[2018-12-26 06:30:27] Api.sendMail.INFO: area:::::srilanka [] []
[2018-12-26 06:30:27] Api.sendMail.INFO: toName:::::yefanli [] []
[2018-12-26 06:30:27] Api.sendMail.INFO: content [] []
[2018-12-26 06:30:27] Api.sendMail.INFO: msgTime:::::1545805827 [] []
[2018-12-26 06:30:27] Api.sendMail.INFO: 准备写入缓存1181226412424 [] []
[2018-12-26 06:30:27] Api.sendMail.INFO: id:::::1181225032120 [] []
[2018-12-26 06:30:27] Api.sendMail.INFO: toMail:::::ohyevr@163.com [] []
[2018-12-26 06:30:27] Api.sendMail.INFO: api:::::/srilanka/purchase [] []
[2018-12-26 06:30:27] Api.sendMail.INFO: area:::::srilanka [] []
[2018-12-26 06:30:27] Api.sendMail.INFO: toName:::::yefanli [] []
[2018-12-26 06:30:27] Api.sendMail.INFO: content [] []
[2018-12-26 06:30:27] Api.sendMail.INFO: msgTime:::::1545805827 [] []
[2018-12-26 06:30:27] Api.sendMail.INFO: 准备写入缓存1181226693255 [] []
[2018-12-26 06:30:27] Api.sendMail.INFO: id:::::1181225032120 [] []
[2018-12-26 06:30:27] Api.sendMail.INFO: toMail:::::ohyevr@163.com [] []
[2018-12-26 06:30:27] Api.sendMail.INFO: api:::::/srilanka/purchase [] []
[2018-12-26 06:30:27] Api.sendMail.INFO: area:::::srilanka [] []
[2018-12-26 06:30:27] Api.sendMail.INFO: toName:::::yefanli [] []
[2018-12-26 06:30:27] Api.sendMail.INFO: content [] []
[2018-12-26 06:30:27] Api.sendMail.INFO: msgTime:::::1545805827 [] []
[2018-12-26 06:30:27] Api.sendMail.INFO: 准备写入缓存1181226174790 [] []
[2018-12-26 06:30:27] Api.sendMail.INFO: id:::::1181225032120 [] []
[2018-12-26 06:30:27] Api.sendMail.INFO: toMail:::::ohyevr@163.com [] []
[2018-12-26 06:30:27] Api.sendMail.INFO: api:::::/srilanka/purchase [] []
[2018-12-26 06:30:27] Api.sendMail.INFO: area:::::srilanka [] []
[2018-12-26 06:30:27] Api.sendMail.INFO: toName:::::yefanli [] []
[2018-12-26 06:30:27] Api.sendMail.INFO: content [] []
[2018-12-26 06:30:27] Api.sendMail.INFO: msgTime:::::1545805827 [] []
[2018-12-26 06:30:27] Api.sendMail.INFO: 准备写入缓存1181226237275 [] []
[2018-12-26 06:30:27] Api.sendMail.INFO: id:::::1181225032120 [] []
[2018-12-26 06:30:27] Api.sendMail.INFO: toMail:::::ohyevr@163.com [] []
[2018-12-26 06:30:27] Api.sendMail.INFO: api:::::/srilanka/purchase [] []
[2018-12-26 06:30:27] Api.sendMail.INFO: area:::::srilanka [] []
[2018-12-26 06:30:27] Api.sendMail.INFO: toName:::::yefanli [] []
[2018-12-26 06:30:27] Api.sendMail.INFO: content [] []
[2018-12-26 06:30:27] Api.sendMail.INFO: msgTime:::::1545805827 [] []
[2018-12-26 06:30:27] Api.sendMail.INFO: 准备写入缓存1181226829247 [] []
[2018-12-26 06:30:27] Api.sendMail.INFO: id:::::1181225032120 [] []
[2018-12-26 06:30:27] Api.sendMail.INFO: toMail:::::ohyevr@163.com [] []
[2018-12-26 06:30:27] Api.sendMail.INFO: api:::::/srilanka/purchase [] []
[2018-12-26 06:30:27] Api.sendMail.INFO: area:::::srilanka [] []
[2018-12-26 06:30:27] Api.sendMail.INFO: toName:::::yefanli [] []
[2018-12-26 06:30:27] Api.sendMail.INFO: content [] []
[2018-12-26 06:30:27] Api.sendMail.INFO: msgTime:::::1545805827 [] []
[2018-12-26 06:30:27] Api.sendMail.INFO: 准备写入缓存1181226985188 [] []
[2018-12-26 06:30:27] Api.sendMail.INFO: id:::::1181225032120 [] []
[2018-12-26 06:30:27] Api.sendMail.INFO: toMail:::::ohyevr@163.com [] []
[2018-12-26 06:30:27] Api.sendMail.INFO: api:::::/srilanka/purchase [] []
[2018-12-26 06:30:27] Api.sendMail.INFO: area:::::srilanka [] []
[2018-12-26 06:30:27] Api.sendMail.INFO: toName:::::yefanli [] []
[2018-12-26 06:30:27] Api.sendMail.INFO: content [] []
[2018-12-26 06:30:27] Api.sendMail.INFO: msgTime:::::1545805827 [] []
[2018-12-26 06:30:27] Api.sendMail.INFO: 准备写入缓存1181226472520 [] []
[2018-12-26 06:30:27] Api.sendMail.INFO: id:::::1181225032120 [] []
[2018-12-26 06:30:27] Api.sendMail.INFO: toMail:::::ohyevr@163.com [] []
[2018-12-26 06:30:27] Api.sendMail.INFO: api:::::/srilanka/purchase [] []
[2018-12-26 06:30:27] Api.sendMail.INFO: area:::::srilanka [] []
[2018-12-26 06:30:27] Api.sendMail.INFO: toName:::::yefanli [] []
[2018-12-26 06:30:27] Api.sendMail.INFO: content [] []
[2018-12-26 06:30:27] Api.sendMail.INFO: msgTime:::::1545805827 [] []
[2018-12-26 06:30:27] Api.sendMail.INFO: 准备写入缓存1181226625566 [] []
[2018-12-26 06:30:27] Api.sendMail.INFO: id:::::1181225032120 [] []
[2018-12-26 06:30:27] Api.sendMail.INFO: toMail:::::ohyevr@163.com [] []
[2018-12-26 06:30:27] Api.sendMail.INFO: api:::::/srilanka/purchase [] []
[2018-12-26 06:30:27] Api.sendMail.INFO: area:::::srilanka [] []
[2018-12-26 06:30:27] Api.sendMail.INFO: toName:::::yefanli [] []
[2018-12-26 06:30:27] Api.sendMail.INFO: content [] []
[2018-12-26 06:30:27] Api.sendMail.INFO: msgTime:::::1545805827 [] []
[2018-12-26 06:30:27] Api.sendMail.INFO: 准备写入缓存1181226890602 [] []
[2018-12-26 06:30:27] Api.sendMail.INFO: id:::::1181225032120 [] []
[2018-12-26 06:30:27] Api.sendMail.INFO: toMail:::::ohyevr@163.com [] []
[2018-12-26 06:30:27] Api.sendMail.INFO: api:::::/srilanka/purchase [] []
[2018-12-26 06:30:27] Api.sendMail.INFO: area:::::srilanka [] []
[2018-12-26 06:30:27] Api.sendMail.INFO: toName:::::yefanli [] []
[2018-12-26 06:30:27] Api.sendMail.INFO: content [] []
[2018-12-26 06:30:27] Api.sendMail.INFO: msgTime:::::1545805827 [] []
[2018-12-26 06:30:27] Api.sendMail.INFO: 准备写入缓存1181226787788 [] []
[2018-12-26 06:30:27] Api.sendMail.INFO: id:::::1181225032120 [] []
[2018-12-26 06:30:27] Api.sendMail.INFO: toMail:::::ohyevr@163.com [] []
[2018-12-26 06:30:27] Api.sendMail.INFO: api:::::/srilanka/purchase [] []
[2018-12-26 06:30:27] Api.sendMail.INFO: area:::::srilanka [] []
[2018-12-26 06:30:27] Api.sendMail.INFO: toName:::::yefanli [] []
[2018-12-26 06:30:27] Api.sendMail.INFO: content [] []
[2018-12-26 06:30:27] Api.sendMail.INFO: msgTime:::::1545805827 [] []
[2018-12-26 06:30:27] Api.sendMail.INFO: 准备写入缓存1181226183651 [] []
[2018-12-26 06:30:27] Api.sendMail.INFO: id:::::1181225032120 [] []
[2018-12-26 06:30:27] Api.sendMail.INFO: toMail:::::ohyevr@163.com [] []
[2018-12-26 06:30:27] Api.sendMail.INFO: api:::::/srilanka/purchase [] []
[2018-12-26 06:30:27] Api.sendMail.INFO: area:::::srilanka [] []
[2018-12-26 06:30:27] Api.sendMail.INFO: toName:::::yefanli [] []
[2018-12-26 06:30:27] Api.sendMail.INFO: content [] []
[2018-12-26 06:30:27] Api.sendMail.INFO: msgTime:::::1545805827 [] []
[2018-12-26 06:30:27] Api.sendMail.INFO: 准备写入缓存1181226488128 [] []
[2018-12-26 06:30:27] Api.sendMail.INFO: id:::::1181225032120 [] []
[2018-12-26 06:30:27] Api.sendMail.INFO: toMail:::::ohyevr@163.com [] []
[2018-12-26 06:30:27] Api.sendMail.INFO: api:::::/srilanka/purchase [] []
[2018-12-26 06:30:27] Api.sendMail.INFO: area:::::srilanka [] []
[2018-12-26 06:30:27] Api.sendMail.INFO: toName:::::yefanli [] []
[2018-12-26 06:30:27] Api.sendMail.INFO: content [] []
[2018-12-26 06:30:27] Api.sendMail.INFO: msgTime:::::1545805827 [] []
[2018-12-26 06:30:27] Api.sendMail.INFO: 准备写入缓存1181226382223 [] []
[2018-12-26 06:30:27] Api.sendMail.INFO: id:::::1181225032120 [] []
[2018-12-26 06:30:27] Api.sendMail.INFO: toMail:::::ohyevr@163.com [] []
[2018-12-26 06:30:27] Api.sendMail.INFO: api:::::/srilanka/purchase [] []
[2018-12-26 06:30:27] Api.sendMail.INFO: area:::::srilanka [] []
[2018-12-26 06:30:27] Api.sendMail.INFO: toName:::::yefanli [] []
[2018-12-26 06:30:27] Api.sendMail.INFO: content [] []
[2018-12-26 06:30:27] Api.sendMail.INFO: msgTime:::::1545805827 [] []
[2018-12-26 06:30:27] Api.sendMail.INFO: 准备写入缓存1181226635306 [] []
[2018-12-26 06:30:27] Api.sendMail.INFO: id:::::1181225032120 [] []
[2018-12-26 06:30:27] Api.sendMail.INFO: toMail:::::ohyevr@163.com [] []
[2018-12-26 06:30:27] Api.sendMail.INFO: api:::::/srilanka/purchase [] []
[2018-12-26 06:30:27] Api.sendMail.INFO: area:::::srilanka [] []
[2018-12-26 06:30:27] Api.sendMail.INFO: toName:::::yefanli [] []
[2018-12-26 06:30:27] Api.sendMail.INFO: content [] []
[2018-12-26 06:30:27] Api.sendMail.INFO: msgTime:::::1545805827 [] []
[2018-12-26 06:30:27] Api.sendMail.INFO: 准备写入缓存1181226908829 [] []
[2018-12-26 06:30:27] Api.sendMail.INFO: id:::::1181225032120 [] []
[2018-12-26 06:30:27] Api.sendMail.INFO: toMail:::::ohyevr@163.com [] []
[2018-12-26 06:30:27] Api.sendMail.INFO: api:::::/srilanka/purchase [] []
[2018-12-26 06:30:27] Api.sendMail.INFO: area:::::srilanka [] []
[2018-12-26 06:30:27] Api.sendMail.INFO: toName:::::yefanli [] []
[2018-12-26 06:30:27] Api.sendMail.INFO: content [] []
[2018-12-26 06:30:27] Api.sendMail.INFO: msgTime:::::1545805827 [] []
[2018-12-26 06:30:27] Api.sendMail.INFO: 准备写入缓存1181226191609 [] []
[2018-12-26 06:30:27] Api.sendMail.INFO: id:::::1181225032120 [] []
[2018-12-26 06:30:27] Api.sendMail.INFO: toMail:::::ohyevr@163.com [] []
[2018-12-26 06:30:27] Api.sendMail.INFO: api:::::/srilanka/purchase [] []
[2018-12-26 06:30:27] Api.sendMail.INFO: area:::::srilanka [] []
[2018-12-26 06:30:27] Api.sendMail.INFO: toName:::::yefanli [] []
[2018-12-26 06:30:27] Api.sendMail.INFO: content [] []
[2018-12-26 06:30:27] Api.sendMail.INFO: msgTime:::::1545805827 [] []
[2018-12-26 06:30:27] Api.sendMail.INFO: 准备写入缓存1181226428290 [] []
[2018-12-26 06:30:27] Api.sendMail.INFO: id:::::1181225032120 [] []
[2018-12-26 06:30:27] Api.sendMail.INFO: toMail:::::ohyevr@163.com [] []
[2018-12-26 06:30:27] Api.sendMail.INFO: api:::::/srilanka/purchase [] []
[2018-12-26 06:30:27] Api.sendMail.INFO: area:::::srilanka [] []
[2018-12-26 06:30:27] Api.sendMail.INFO: toName:::::yefanli [] []
[2018-12-26 06:30:27] Api.sendMail.INFO: content [] []
[2018-12-26 06:30:27] Api.sendMail.INFO: msgTime:::::1545805827 [] []
[2018-12-26 06:30:27] Api.sendMail.INFO: 准备写入缓存1181226253851 [] []
[2018-12-26 06:30:27] Api.sendMail.INFO: id:::::1181225032120 [] []
[2018-12-26 06:30:27] Api.sendMail.INFO: toMail:::::ohyevr@163.com [] []
[2018-12-26 06:30:27] Api.sendMail.INFO: api:::::/srilanka/purchase [] []
[2018-12-26 06:30:27] Api.sendMail.INFO: area:::::srilanka [] []
[2018-12-26 06:30:27] Api.sendMail.INFO: toName:::::yefanli [] []
[2018-12-26 06:30:27] Api.sendMail.INFO: content [] []
[2018-12-26 06:30:27] Api.sendMail.INFO: msgTime:::::1545805827 [] []
[2018-12-26 06:30:27] Api.sendMail.INFO: 准备写入缓存1181226327233 [] []
[2018-12-26 06:30:27] Api.sendMail.INFO: id:::::1181225032120 [] []
[2018-12-26 06:30:27] Api.sendMail.INFO: toMail:::::ohyevr@163.com [] []
[2018-12-26 06:30:27] Api.sendMail.INFO: api:::::/srilanka/purchase [] []
[2018-12-26 06:30:27] Api.sendMail.INFO: area:::::srilanka [] []
[2018-12-26 06:30:27] Api.sendMail.INFO: toName:::::yefanli [] []
[2018-12-26 06:30:27] Api.sendMail.INFO: content [] []
[2018-12-26 06:30:27] Api.sendMail.INFO: msgTime:::::1545805827 [] []
[2018-12-26 06:30:27] Api.sendMail.INFO: 准备写入缓存1181226105859 [] []
[2018-12-26 06:30:27] Api.sendMail.INFO: id:::::1181225032120 [] []
[2018-12-26 06:30:27] Api.sendMail.INFO: toMail:::::ohyevr@163.com [] []
[2018-12-26 06:30:27] Api.sendMail.INFO: api:::::/srilanka/purchase [] []
[2018-12-26 06:30:27] Api.sendMail.INFO: area:::::srilanka [] []
[2018-12-26 06:30:27] Api.sendMail.INFO: toName:::::yefanli [] []
[2018-12-26 06:30:27] Api.sendMail.INFO: content [] []
[2018-12-26 06:30:27] Api.sendMail.INFO: msgTime:::::1545805827 [] []
[2018-12-26 06:30:27] Api.sendMail.INFO: 准备写入缓存1181226490664 [] []
[2018-12-26 06:30:27] Api.sendMail.INFO: id:::::1181225032120 [] []
[2018-12-26 06:30:27] Api.sendMail.INFO: toMail:::::ohyevr@163.com [] []
[2018-12-26 06:30:27] Api.sendMail.INFO: api:::::/srilanka/purchase [] []
[2018-12-26 06:30:27] Api.sendMail.INFO: area:::::srilanka [] []
[2018-12-26 06:30:27] Api.sendMail.INFO: toName:::::yefanli [] []
[2018-12-26 06:30:27] Api.sendMail.INFO: content [] []
[2018-12-26 06:30:27] Api.sendMail.INFO: msgTime:::::1545805827 [] []
[2018-12-26 06:30:27] Api.sendMail.INFO: 准备写入缓存1181226604472 [] []
[2018-12-26 06:30:28] Api.sendMail.INFO: id:::::1181225032120 [] []
[2018-12-26 06:30:28] Api.sendMail.INFO: toMail:::::ohyevr@163.com [] []
[2018-12-26 06:30:28] Api.sendMail.INFO: api:::::/srilanka/purchase [] []
[2018-12-26 06:30:28] Api.sendMail.INFO: area:::::srilanka [] []
[2018-12-26 06:30:28] Api.sendMail.INFO: toName:::::yefanli [] []
[2018-12-26 06:30:28] Api.sendMail.INFO: content [] []
[2018-12-26 06:30:28] Api.sendMail.INFO: msgTime:::::1545805827 [] []
[2018-12-26 06:30:28] Api.sendMail.INFO: 准备写入缓存1181226924812 [] []
[2018-12-26 06:30:28] Api.sendMail.INFO: id:::::1181225032120 [] []
[2018-12-26 06:30:28] Api.sendMail.INFO: toMail:::::ohyevr@163.com [] []
[2018-12-26 06:30:28] Api.sendMail.INFO: api:::::/srilanka/purchase [] []
[2018-12-26 06:30:28] Api.sendMail.INFO: area:::::srilanka [] []
[2018-12-26 06:30:28] Api.sendMail.INFO: toName:::::yefanli [] []
[2018-12-26 06:30:28] Api.sendMail.INFO: content [] []
[2018-12-26 06:30:28] Api.sendMail.INFO: msgTime:::::1545805828 [] []
[2018-12-26 06:30:28] Api.sendMail.INFO: 准备写入缓存1181226317664 [] []
[2018-12-26 06:30:28] Api.sendMail.INFO: id:::::1181225032120 [] []
[2018-12-26 06:30:28] Api.sendMail.INFO: toMail:::::ohyevr@163.com [] []
[2018-12-26 06:30:28] Api.sendMail.INFO: api:::::/srilanka/purchase [] []
[2018-12-26 06:30:28] Api.sendMail.INFO: area:::::srilanka [] []
[2018-12-26 06:30:28] Api.sendMail.INFO: toName:::::yefanli [] []
[2018-12-26 06:30:28] Api.sendMail.INFO: content [] []
[2018-12-26 06:30:28] Api.sendMail.INFO: msgTime:::::1545805828 [] []
[2018-12-26 06:30:28] Api.sendMail.INFO: 准备写入缓存1181226764371 [] []
[2018-12-26 06:30:28] Api.sendMail.INFO: id:::::1181225032120 [] []
[2018-12-26 06:30:28] Api.sendMail.INFO: toMail:::::ohyevr@163.com [] []
[2018-12-26 06:30:28] Api.sendMail.INFO: api:::::/srilanka/purchase [] []
[2018-12-26 06:30:28] Api.sendMail.INFO: area:::::srilanka [] []
[2018-12-26 06:30:28] Api.sendMail.INFO: toName:::::yefanli [] []
[2018-12-26 06:30:28] Api.sendMail.INFO: content [] []
[2018-12-26 06:30:28] Api.sendMail.INFO: msgTime:::::1545805828 [] []
[2018-12-26 06:30:28] Api.sendMail.INFO: 准备写入缓存1181226639124 [] []
[2018-12-26 06:30:28] Api.sendMail.INFO: id:::::1181225032120 [] []
[2018-12-26 06:30:28] Api.sendMail.INFO: toMail:::::ohyevr@163.com [] []
[2018-12-26 06:30:28] Api.sendMail.INFO: api:::::/srilanka/purchase [] []
[2018-12-26 06:30:28] Api.sendMail.INFO: area:::::srilanka [] []
[2018-12-26 06:30:28] Api.sendMail.INFO: toName:::::yefanli [] []
[2018-12-26 06:30:28] Api.sendMail.INFO: content [] []
[2018-12-26 06:30:28] Api.sendMail.INFO: msgTime:::::1545805828 [] []
[2018-12-26 06:30:28] Api.sendMail.INFO: 准备写入缓存1181226911873 [] []
[2018-12-26 06:30:28] Api.sendMail.INFO: id:::::1181225032120 [] []
[2018-12-26 06:30:28] Api.sendMail.INFO: toMail:::::ohyevr@163.com [] []
[2018-12-26 06:30:28] Api.sendMail.INFO: api:::::/srilanka/purchase [] []
[2018-12-26 06:30:28] Api.sendMail.INFO: area:::::srilanka [] []
[2018-12-26 06:30:28] Api.sendMail.INFO: toName:::::yefanli [] []
[2018-12-26 06:30:28] Api.sendMail.INFO: content [] []
[2018-12-26 06:30:28] Api.sendMail.INFO: msgTime:::::1545805828 [] []
[2018-12-26 06:30:28] Api.sendMail.INFO: 准备写入缓存1181226592526 [] []
[2018-12-26 06:30:28] Api.sendMail.INFO: id:::::1181225032120 [] []
[2018-12-26 06:30:28] Api.sendMail.INFO: toMail:::::ohyevr@163.com [] []
[2018-12-26 06:30:28] Api.sendMail.INFO: api:::::/srilanka/purchase [] []
[2018-12-26 06:30:28] Api.sendMail.INFO: area:::::srilanka [] []
[2018-12-26 06:30:28] Api.sendMail.INFO: toName:::::yefanli [] []
[2018-12-26 06:30:28] Api.sendMail.INFO: content [] []
[2018-12-26 06:30:28] Api.sendMail.INFO: msgTime:::::1545805828 [] []
[2018-12-26 06:30:28] Api.sendMail.INFO: 准备写入缓存1181226951801 [] []
[2018-12-26 06:30:28] Api.sendMail.INFO: id:::::1181225032120 [] []
[2018-12-26 06:30:28] Api.sendMail.INFO: toMail:::::ohyevr@163.com [] []
[2018-12-26 06:30:28] Api.sendMail.INFO: api:::::/srilanka/purchase [] []
[2018-12-26 06:30:28] Api.sendMail.INFO: area:::::srilanka [] []
[2018-12-26 06:30:28] Api.sendMail.INFO: toName:::::yefanli [] []
[2018-12-26 06:30:28] Api.sendMail.INFO: content [] []
[2018-12-26 06:30:28] Api.sendMail.INFO: msgTime:::::1545805828 [] []
[2018-12-26 06:30:28] Api.sendMail.INFO: 准备写入缓存1181226501945 [] []
[2018-12-26 06:30:28] Api.sendMail.INFO: id:::::1181225032120 [] []
[2018-12-26 06:30:28] Api.sendMail.INFO: toMail:::::ohyevr@163.com [] []
[2018-12-26 06:30:28] Api.sendMail.INFO: api:::::/srilanka/purchase [] []
[2018-12-26 06:30:28] Api.sendMail.INFO: area:::::srilanka [] []
[2018-12-26 06:30:28] Api.sendMail.INFO: toName:::::yefanli [] []
[2018-12-26 06:30:28] Api.sendMail.INFO: content [] []
[2018-12-26 06:30:28] Api.sendMail.INFO: msgTime:::::1545805828 [] []
[2018-12-26 06:30:28] Api.sendMail.INFO: 准备写入缓存1181226486194 [] []
[2018-12-26 06:30:28] Api.sendMail.INFO: id:::::1181225032120 [] []
[2018-12-26 06:30:28] Api.sendMail.INFO: toMail:::::ohyevr@163.com [] []
[2018-12-26 06:30:28] Api.sendMail.INFO: api:::::/srilanka/purchase [] []
[2018-12-26 06:30:28] Api.sendMail.INFO: area:::::srilanka [] []
[2018-12-26 06:30:28] Api.sendMail.INFO: toName:::::yefanli [] []
[2018-12-26 06:30:28] Api.sendMail.INFO: content [] []
[2018-12-26 06:30:28] Api.sendMail.INFO: msgTime:::::1545805828 [] []
[2018-12-26 06:30:28] Api.sendMail.INFO: 准备写入缓存1181226868360 [] []
[2018-12-26 06:30:28] Api.sendMail.INFO: id:::::1181225032120 [] []
[2018-12-26 06:30:28] Api.sendMail.INFO: toMail:::::ohyevr@163.com [] []
[2018-12-26 06:30:28] Api.sendMail.INFO: api:::::/srilanka/purchase [] []
[2018-12-26 06:30:28] Api.sendMail.INFO: area:::::srilanka [] []
[2018-12-26 06:30:28] Api.sendMail.INFO: toName:::::yefanli [] []
[2018-12-26 06:30:28] Api.sendMail.INFO: content [] []
[2018-12-26 06:30:28] Api.sendMail.INFO: msgTime:::::1545805828 [] []
[2018-12-26 06:30:28] Api.sendMail.INFO: 准备写入缓存1181226550322 [] []
[2018-12-26 06:30:28] Api.sendMail.INFO: id:::::1181225032120 [] []
[2018-12-26 06:30:28] Api.sendMail.INFO: toMail:::::ohyevr@163.com [] []
[2018-12-26 06:30:28] Api.sendMail.INFO: api:::::/srilanka/purchase [] []
[2018-12-26 06:30:28] Api.sendMail.INFO: area:::::srilanka [] []
[2018-12-26 06:30:28] Api.sendMail.INFO: toName:::::yefanli [] []
[2018-12-26 06:30:28] Api.sendMail.INFO: content [] []
[2018-12-26 06:30:28] Api.sendMail.INFO: msgTime:::::1545805828 [] []
[2018-12-26 06:30:28] Api.sendMail.INFO: 准备写入缓存1181226517907 [] []
[2018-12-26 06:30:28] Api.sendMail.INFO: id:::::1181225032120 [] []
[2018-12-26 06:30:28] Api.sendMail.INFO: toMail:::::ohyevr@163.com [] []
[2018-12-26 06:30:28] Api.sendMail.INFO: api:::::/srilanka/purchase [] []
[2018-12-26 06:30:28] Api.sendMail.INFO: area:::::srilanka [] []
[2018-12-26 06:30:28] Api.sendMail.INFO: toName:::::yefanli [] []
[2018-12-26 06:30:28] Api.sendMail.INFO: content [] []
[2018-12-26 06:30:28] Api.sendMail.INFO: msgTime:::::1545805828 [] []
[2018-12-26 06:30:28] Api.sendMail.INFO: 准备写入缓存1181226398259 [] []
[2018-12-26 06:30:28] Api.sendMail.INFO: id:::::1181225032120 [] []
[2018-12-26 06:30:28] Api.sendMail.INFO: toMail:::::ohyevr@163.com [] []
[2018-12-26 06:30:28] Api.sendMail.INFO: api:::::/srilanka/purchase [] []
[2018-12-26 06:30:28] Api.sendMail.INFO: area:::::srilanka [] []
[2018-12-26 06:30:28] Api.sendMail.INFO: toName:::::yefanli [] []
[2018-12-26 06:30:28] Api.sendMail.INFO: content [] []
[2018-12-26 06:30:28] Api.sendMail.INFO: msgTime:::::1545805828 [] []
[2018-12-26 06:30:28] Api.sendMail.INFO: 准备写入缓存1181226466894 [] []
[2018-12-26 06:30:28] Api.sendMail.INFO: id:::::1181225032120 [] []
[2018-12-26 06:30:28] Api.sendMail.INFO: toMail:::::ohyevr@163.com [] []
[2018-12-26 06:30:28] Api.sendMail.INFO: api:::::/srilanka/purchase [] []
[2018-12-26 06:30:28] Api.sendMail.INFO: area:::::srilanka [] []
[2018-12-26 06:30:28] Api.sendMail.INFO: toName:::::yefanli [] []
[2018-12-26 06:30:28] Api.sendMail.INFO: content [] []
[2018-12-26 06:30:28] Api.sendMail.INFO: msgTime:::::1545805828 [] []
[2018-12-26 06:30:28] Api.sendMail.INFO: 准备写入缓存1181226846323 [] []
[2018-12-26 06:30:28] Api.sendMail.INFO: id:::::1181225032120 [] []
[2018-12-26 06:30:28] Api.sendMail.INFO: toMail:::::ohyevr@163.com [] []
[2018-12-26 06:30:28] Api.sendMail.INFO: api:::::/srilanka/purchase [] []
[2018-12-26 06:30:28] Api.sendMail.INFO: area:::::srilanka [] []
[2018-12-26 06:30:28] Api.sendMail.INFO: toName:::::yefanli [] []
[2018-12-26 06:30:28] Api.sendMail.INFO: content [] []
[2018-12-26 06:30:28] Api.sendMail.INFO: msgTime:::::1545805828 [] []
[2018-12-26 06:30:28] Api.sendMail.INFO: 准备写入缓存1181226333823 [] []
[2018-12-26 06:30:28] Api.sendMail.INFO: id:::::1181225032120 [] []
[2018-12-26 06:30:28] Api.sendMail.INFO: toMail:::::ohyevr@163.com [] []
[2018-12-26 06:30:28] Api.sendMail.INFO: api:::::/srilanka/purchase [] []
[2018-12-26 06:30:28] Api.sendMail.INFO: area:::::srilanka [] []
[2018-12-26 06:30:28] Api.sendMail.INFO: toName:::::yefanli [] []
[2018-12-26 06:30:28] Api.sendMail.INFO: content [] []
[2018-12-26 06:30:28] Api.sendMail.INFO: msgTime:::::1545805828 [] []
[2018-12-26 06:30:28] Api.sendMail.INFO: 准备写入缓存1181226997314 [] []
[2018-12-26 06:30:28] Api.sendMail.INFO: id:::::1181225032120 [] []
[2018-12-26 06:30:28] Api.sendMail.INFO: toMail:::::ohyevr@163.com [] []
[2018-12-26 06:30:28] Api.sendMail.INFO: api:::::/srilanka/purchase [] []
[2018-12-26 06:30:28] Api.sendMail.INFO: area:::::srilanka [] []
[2018-12-26 06:30:28] Api.sendMail.INFO: toName:::::yefanli [] []
[2018-12-26 06:30:28] Api.sendMail.INFO: content [] []
[2018-12-26 06:30:28] Api.sendMail.INFO: msgTime:::::1545805828 [] []
[2018-12-26 06:30:28] Api.sendMail.INFO: 准备写入缓存1181226946796 [] []
[2018-12-26 06:30:28] Api.sendMail.INFO: id:::::1181225032120 [] []
[2018-12-26 06:30:28] Api.sendMail.INFO: toMail:::::ohyevr@163.com [] []
[2018-12-26 06:30:28] Api.sendMail.INFO: api:::::/srilanka/purchase [] []
[2018-12-26 06:30:28] Api.sendMail.INFO: area:::::srilanka [] []
[2018-12-26 06:30:28] Api.sendMail.INFO: toName:::::yefanli [] []
[2018-12-26 06:30:28] Api.sendMail.INFO: content [] []
[2018-12-26 06:30:28] Api.sendMail.INFO: msgTime:::::1545805828 [] []
[2018-12-26 06:30:28] Api.sendMail.INFO: 准备写入缓存1181226880158 [] []
[2018-12-26 06:30:28] Api.sendMail.INFO: id:::::1181225032120 [] []
[2018-12-26 06:30:28] Api.sendMail.INFO: toMail:::::ohyevr@163.com [] []
[2018-12-26 06:30:28] Api.sendMail.INFO: api:::::/srilanka/purchase [] []
[2018-12-26 06:30:28] Api.sendMail.INFO: area:::::srilanka [] []
[2018-12-26 06:30:28] Api.sendMail.INFO: toName:::::yefanli [] []
[2018-12-26 06:30:28] Api.sendMail.INFO: content [] []
[2018-12-26 06:30:28] Api.sendMail.INFO: msgTime:::::1545805828 [] []
[2018-12-26 06:30:28] Api.sendMail.INFO: 准备写入缓存1181226667277 [] []
[2018-12-26 06:30:28] Api.sendMail.INFO: id:::::1181225032120 [] []
[2018-12-26 06:30:28] Api.sendMail.INFO: toMail:::::ohyevr@163.com [] []
[2018-12-26 06:30:28] Api.sendMail.INFO: api:::::/srilanka/purchase [] []
[2018-12-26 06:30:28] Api.sendMail.INFO: area:::::srilanka [] []
[2018-12-26 06:30:28] Api.sendMail.INFO: toName:::::yefanli [] []
[2018-12-26 06:30:28] Api.sendMail.INFO: content [] []
[2018-12-26 06:30:28] Api.sendMail.INFO: msgTime:::::1545805828 [] []
[2018-12-26 06:30:28] Api.sendMail.INFO: 准备写入缓存1181226162126 [] []
[2018-12-26 06:30:28] Api.sendMail.INFO: id:::::1181225032120 [] []
[2018-12-26 06:30:28] Api.sendMail.INFO: toMail:::::ohyevr@163.com [] []
[2018-12-26 06:30:28] Api.sendMail.INFO: api:::::/srilanka/purchase [] []
[2018-12-26 06:30:28] Api.sendMail.INFO: area:::::srilanka [] []
[2018-12-26 06:30:28] Api.sendMail.INFO: toName:::::yefanli [] []
[2018-12-26 06:30:28] Api.sendMail.INFO: content [] []
[2018-12-26 06:30:28] Api.sendMail.INFO: msgTime:::::1545805828 [] []
[2018-12-26 06:30:28] Api.sendMail.INFO: 准备写入缓存1181226596128 [] []
[2018-12-26 06:30:28] Api.sendMail.INFO: id:::::1181225032120 [] []
[2018-12-26 06:30:28] Api.sendMail.INFO: toMail:::::ohyevr@163.com [] []
[2018-12-26 06:30:28] Api.sendMail.INFO: api:::::/srilanka/purchase [] []
[2018-12-26 06:30:28] Api.sendMail.INFO: area:::::srilanka [] []
[2018-12-26 06:30:28] Api.sendMail.INFO: toName:::::yefanli [] []
[2018-12-26 06:30:28] Api.sendMail.INFO: content [] []
[2018-12-26 06:30:28] Api.sendMail.INFO: msgTime:::::1545805828 [] []
[2018-12-26 06:30:28] Api.sendMail.INFO: 准备写入缓存1181226737886 [] []
[2018-12-26 06:30:28] Api.sendMail.INFO: id:::::1181225032120 [] []
[2018-12-26 06:30:28] Api.sendMail.INFO: toMail:::::ohyevr@163.com [] []
[2018-12-26 06:30:28] Api.sendMail.INFO: api:::::/srilanka/purchase [] []
[2018-12-26 06:30:28] Api.sendMail.INFO: area:::::srilanka [] []
[2018-12-26 06:30:28] Api.sendMail.INFO: toName:::::yefanli [] []
[2018-12-26 06:30:28] Api.sendMail.INFO: content [] []
[2018-12-26 06:30:28] Api.sendMail.INFO: msgTime:::::1545805828 [] []
[2018-12-26 06:30:28] Api.sendMail.INFO: 准备写入缓存1181226746982 [] []
[2018-12-26 06:30:28] Api.sendMail.INFO: id:::::1181225032120 [] []
[2018-12-26 06:30:28] Api.sendMail.INFO: toMail:::::ohyevr@163.com [] []
[2018-12-26 06:30:28] Api.sendMail.INFO: api:::::/srilanka/purchase [] []
[2018-12-26 06:30:28] Api.sendMail.INFO: area:::::srilanka [] []
[2018-12-26 06:30:28] Api.sendMail.INFO: toName:::::yefanli [] []
[2018-12-26 06:30:28] Api.sendMail.INFO: content [] []
[2018-12-26 06:30:28] Api.sendMail.INFO: msgTime:::::1545805828 [] []
[2018-12-26 06:30:28] Api.sendMail.INFO: 准备写入缓存1181226362451 [] []
